<?xml version="1.0" encoding="UTF-8"?>
<testng-results ignored="0" total="1" passed="1" failed="0" skipped="0">
  <reporter-output>
  </reporter-output>
  <suite started-at="2022-11-17T23:51:54 IST" name="Vetan_MoolV1" finished-at="2022-11-17T23:52:30 IST" duration-ms="35852">
    <groups>
    </groups>
    <test started-at="2022-11-17T23:51:54 IST" name="Mool Login Flow Chrome" finished-at="2022-11-17T23:52:30 IST" duration-ms="35852">
      <class name="com.vetan.mool.TestCases.TC_LoginFlow_001">
        <test-method is-config="true" signature="setup(java.lang.String)[pri:0, instance:com.vetan.mool.TestCases.TC_LoginFlow_001@65466a6a]" started-at="2022-11-17T23:51:54 IST" name="setup" finished-at="2022-11-17T23:52:12 IST" duration-ms="17631" status="PASS">
          <params>
            <param index="0">
              <value>
                <![CDATA[chrome]]>
              </value>
            </param>
          </params>
          <reporter-output>
          </reporter-output>
        </test-method> <!-- setup -->
        <test-method signature="LoginTest()[pri:0, instance:com.vetan.mool.TestCases.TC_LoginFlow_001@65466a6a]" started-at="2022-11-17T23:52:12 IST" name="LoginTest" finished-at="2022-11-17T23:52:30 IST" duration-ms="18022" status="PASS">
          <reporter-output>
          </reporter-output>
        </test-method> <!-- LoginTest -->
        <test-method is-config="true" signature="tearDown()[pri:0, instance:com.vetan.mool.TestCases.TC_LoginFlow_001@65466a6a]" started-at="2022-11-17T23:52:30 IST" name="tearDown" finished-at="2022-11-17T23:52:30 IST" duration-ms="112" status="PASS">
          <reporter-output>
          </reporter-output>
        </test-method> <!-- tearDown -->
      </class> <!-- com.vetan.mool.TestCases.TC_LoginFlow_001 -->
    </test> <!-- Mool Login Flow Chrome -->
  </suite> <!-- Vetan_MoolV1 -->
</testng-results>
